[2025.06.12 10:19:54] (Coverage ERROR): Failed to parse agent arguments
java.lang.IllegalArgumentException: At least 5 arguments expected but 1 found.
'C:\Users\±è¿øÁØ\AppData\Local\Temp\coveragear'
Expected arguments are:
0) data file to save coverage result
1) a flag to enable tracking per test coverage
2) a flag to calculate coverage for unloaded classes
3) a flag to use data file as initial coverage, also use it if several parallel processes are to write into one file
4) a flag to run line coverage or branch coverage otherwise

	at com.intellij.rt.coverage.instrumentation.CoverageArgs.fromString(CoverageArgs.java:60)
	at com.intellij.rt.coverage.instrumentation.Instrumentator.performPremain(Instrumentator.java:58)
	at com.intellij.rt.coverage.instrumentation.Instrumentator.premain(Instrumentator.java:44)
	at java.base/jdk.internal.reflect.NativeMethodAccessorImpl.invoke0(Native Method)
	at java.base/jdk.internal.reflect.NativeMethodAccessorImpl.invoke(NativeMethodAccessorImpl.java:77)
	at java.base/jdk.internal.reflect.DelegatingMethodAccessorImpl.invoke(DelegatingMethodAccessorImpl.java:43)
	at java.base/java.lang.reflect.Method.invoke(Method.java:568)
	at com.intellij.rt.coverage.main.CoveragePremain.premain(CoveragePremain.java:35)
	at com.intellij.rt.coverage.main.CoveragePremain.premain(CoveragePremain.java:28)
	at java.base/jdk.internal.reflect.NativeMethodAccessorImpl.invoke0(Native Method)
	at java.base/jdk.internal.reflect.NativeMethodAccessorImpl.invoke(NativeMethodAccessorImpl.java:77)
	at java.base/jdk.internal.reflect.DelegatingMethodAccessorImpl.invoke(DelegatingMethodAccessorImpl.java:43)
	at java.base/java.lang.reflect.Method.invoke(Method.java:568)
	at java.instrument/sun.instrument.InstrumentationImpl.loadClassAndStartAgent(InstrumentationImpl.java:491)
	at java.instrument/sun.instrument.InstrumentationImpl.loadClassAndCallPremain(InstrumentationImpl.java:503)
[2025.06.12 10:20:44] (Coverage ERROR): Failed to parse agent arguments
java.lang.IllegalArgumentException: At least 5 arguments expected but 1 found.
'C:\Users\±è¿øÁØ\AppData\Local\Temp\coverage1ar'
Expected arguments are:
0) data file to save coverage result
1) a flag to enable tracking per test coverage
2) a flag to calculate coverage for unloaded classes
3) a flag to use data file as initial coverage, also use it if several parallel processes are to write into one file
4) a flag to run line coverage or branch coverage otherwise

	at com.intellij.rt.coverage.instrumentation.CoverageArgs.fromString(CoverageArgs.java:60)
	at com.intellij.rt.coverage.instrumentation.Instrumentator.performPremain(Instrumentator.java:58)
	at com.intellij.rt.coverage.instrumentation.Instrumentator.premain(Instrumentator.java:44)
	at java.base/jdk.internal.reflect.NativeMethodAccessorImpl.invoke0(Native Method)
	at java.base/jdk.internal.reflect.NativeMethodAccessorImpl.invoke(NativeMethodAccessorImpl.java:77)
	at java.base/jdk.internal.reflect.DelegatingMethodAccessorImpl.invoke(DelegatingMethodAccessorImpl.java:43)
	at java.base/java.lang.reflect.Method.invoke(Method.java:568)
	at com.intellij.rt.coverage.main.CoveragePremain.premain(CoveragePremain.java:35)
	at com.intellij.rt.coverage.main.CoveragePremain.premain(CoveragePremain.java:28)
	at java.base/jdk.internal.reflect.NativeMethodAccessorImpl.invoke0(Native Method)
	at java.base/jdk.internal.reflect.NativeMethodAccessorImpl.invoke(NativeMethodAccessorImpl.java:77)
	at java.base/jdk.internal.reflect.DelegatingMethodAccessorImpl.invoke(DelegatingMethodAccessorImpl.java:43)
	at java.base/java.lang.reflect.Method.invoke(Method.java:568)
	at java.instrument/sun.instrument.InstrumentationImpl.loadClassAndStartAgent(InstrumentationImpl.java:491)
	at java.instrument/sun.instrument.InstrumentationImpl.loadClassAndCallPremain(InstrumentationImpl.java:503)
[2025.06.12 10:21:22] (Coverage ERROR): Failed to parse agent arguments
java.lang.IllegalArgumentException: At least 5 arguments expected but 1 found.
'C:\Users\±è¿øÁØ\AppData\Local\Temp\coverage2ar'
Expected arguments are:
0) data file to save coverage result
1) a flag to enable tracking per test coverage
2) a flag to calculate coverage for unloaded classes
3) a flag to use data file as initial coverage, also use it if several parallel processes are to write into one file
4) a flag to run line coverage or branch coverage otherwise

	at com.intellij.rt.coverage.instrumentation.CoverageArgs.fromString(CoverageArgs.java:60)
	at com.intellij.rt.coverage.instrumentation.Instrumentator.performPremain(Instrumentator.java:58)
	at com.intellij.rt.coverage.instrumentation.Instrumentator.premain(Instrumentator.java:44)
	at java.base/jdk.internal.reflect.NativeMethodAccessorImpl.invoke0(Native Method)
	at java.base/jdk.internal.reflect.NativeMethodAccessorImpl.invoke(NativeMethodAccessorImpl.java:77)
	at java.base/jdk.internal.reflect.DelegatingMethodAccessorImpl.invoke(DelegatingMethodAccessorImpl.java:43)
	at java.base/java.lang.reflect.Method.invoke(Method.java:568)
	at com.intellij.rt.coverage.main.CoveragePremain.premain(CoveragePremain.java:35)
	at com.intellij.rt.coverage.main.CoveragePremain.premain(CoveragePremain.java:28)
	at java.base/jdk.internal.reflect.NativeMethodAccessorImpl.invoke0(Native Method)
	at java.base/jdk.internal.reflect.NativeMethodAccessorImpl.invoke(NativeMethodAccessorImpl.java:77)
	at java.base/jdk.internal.reflect.DelegatingMethodAccessorImpl.invoke(DelegatingMethodAccessorImpl.java:43)
	at java.base/java.lang.reflect.Method.invoke(Method.java:568)
	at java.instrument/sun.instrument.InstrumentationImpl.loadClassAndStartAgent(InstrumentationImpl.java:491)
	at java.instrument/sun.instrument.InstrumentationImpl.loadClassAndCallPremain(InstrumentationImpl.java:503)
[2025.06.12 10:30:44] (Coverage ERROR): Failed to parse agent arguments
java.lang.IllegalArgumentException: At least 5 arguments expected but 1 found.
'C:\Users\±è¿øÁØ\AppData\Local\Temp\coverage4ar'
Expected arguments are:
0) data file to save coverage result
1) a flag to enable tracking per test coverage
2) a flag to calculate coverage for unloaded classes
3) a flag to use data file as initial coverage, also use it if several parallel processes are to write into one file
4) a flag to run line coverage or branch coverage otherwise

	at com.intellij.rt.coverage.instrumentation.CoverageArgs.fromString(CoverageArgs.java:60)
	at com.intellij.rt.coverage.instrumentation.Instrumentator.performPremain(Instrumentator.java:58)
	at com.intellij.rt.coverage.instrumentation.Instrumentator.premain(Instrumentator.java:44)
	at java.base/jdk.internal.reflect.NativeMethodAccessorImpl.invoke0(Native Method)
	at java.base/jdk.internal.reflect.NativeMethodAccessorImpl.invoke(NativeMethodAccessorImpl.java:77)
	at java.base/jdk.internal.reflect.DelegatingMethodAccessorImpl.invoke(DelegatingMethodAccessorImpl.java:43)
	at java.base/java.lang.reflect.Method.invoke(Method.java:568)
	at com.intellij.rt.coverage.main.CoveragePremain.premain(CoveragePremain.java:35)
	at com.intellij.rt.coverage.main.CoveragePremain.premain(CoveragePremain.java:28)
	at java.base/jdk.internal.reflect.NativeMethodAccessorImpl.invoke0(Native Method)
	at java.base/jdk.internal.reflect.NativeMethodAccessorImpl.invoke(NativeMethodAccessorImpl.java:77)
	at java.base/jdk.internal.reflect.DelegatingMethodAccessorImpl.invoke(DelegatingMethodAccessorImpl.java:43)
	at java.base/java.lang.reflect.Method.invoke(Method.java:568)
	at java.instrument/sun.instrument.InstrumentationImpl.loadClassAndStartAgent(InstrumentationImpl.java:491)
	at java.instrument/sun.instrument.InstrumentationImpl.loadClassAndCallPremain(InstrumentationImpl.java:503)
[2025.06.12 10:30:59] (Coverage ERROR): Failed to parse agent arguments
java.lang.IllegalArgumentException: At least 5 arguments expected but 1 found.
'C:\Users\±è¿øÁØ\AppData\Local\Temp\coverage10ar'
Expected arguments are:
0) data file to save coverage result
1) a flag to enable tracking per test coverage
2) a flag to calculate coverage for unloaded classes
3) a flag to use data file as initial coverage, also use it if several parallel processes are to write into one file
4) a flag to run line coverage or branch coverage otherwise

	at com.intellij.rt.coverage.instrumentation.CoverageArgs.fromString(CoverageArgs.java:60)
	at com.intellij.rt.coverage.instrumentation.Instrumentator.performPremain(Instrumentator.java:58)
	at com.intellij.rt.coverage.instrumentation.Instrumentator.premain(Instrumentator.java:44)
	at java.base/jdk.internal.reflect.NativeMethodAccessorImpl.invoke0(Native Method)
	at java.base/jdk.internal.reflect.NativeMethodAccessorImpl.invoke(NativeMethodAccessorImpl.java:77)
	at java.base/jdk.internal.reflect.DelegatingMethodAccessorImpl.invoke(DelegatingMethodAccessorImpl.java:43)
	at java.base/java.lang.reflect.Method.invoke(Method.java:568)
	at com.intellij.rt.coverage.main.CoveragePremain.premain(CoveragePremain.java:35)
	at com.intellij.rt.coverage.main.CoveragePremain.premain(CoveragePremain.java:28)
	at java.base/jdk.internal.reflect.NativeMethodAccessorImpl.invoke0(Native Method)
	at java.base/jdk.internal.reflect.NativeMethodAccessorImpl.invoke(NativeMethodAccessorImpl.java:77)
	at java.base/jdk.internal.reflect.DelegatingMethodAccessorImpl.invoke(DelegatingMethodAccessorImpl.java:43)
	at java.base/java.lang.reflect.Method.invoke(Method.java:568)
	at java.instrument/sun.instrument.InstrumentationImpl.loadClassAndStartAgent(InstrumentationImpl.java:491)
	at java.instrument/sun.instrument.InstrumentationImpl.loadClassAndCallPremain(InstrumentationImpl.java:503)
[2025.06.12 10:31:46] (Coverage ERROR): Failed to parse agent arguments
java.lang.IllegalArgumentException: At least 5 arguments expected but 1 found.
'C:\Users\±è¿øÁØ\AppData\Local\Temp\coverage9ar'
Expected arguments are:
0) data file to save coverage result
1) a flag to enable tracking per test coverage
2) a flag to calculate coverage for unloaded classes
3) a flag to use data file as initial coverage, also use it if several parallel processes are to write into one file
4) a flag to run line coverage or branch coverage otherwise

	at com.intellij.rt.coverage.instrumentation.CoverageArgs.fromString(CoverageArgs.java:60)
	at com.intellij.rt.coverage.instrumentation.Instrumentator.performPremain(Instrumentator.java:58)
	at com.intellij.rt.coverage.instrumentation.Instrumentator.premain(Instrumentator.java:44)
	at java.base/jdk.internal.reflect.NativeMethodAccessorImpl.invoke0(Native Method)
	at java.base/jdk.internal.reflect.NativeMethodAccessorImpl.invoke(NativeMethodAccessorImpl.java:77)
	at java.base/jdk.internal.reflect.DelegatingMethodAccessorImpl.invoke(DelegatingMethodAccessorImpl.java:43)
	at java.base/java.lang.reflect.Method.invoke(Method.java:568)
	at com.intellij.rt.coverage.main.CoveragePremain.premain(CoveragePremain.java:35)
	at com.intellij.rt.coverage.main.CoveragePremain.premain(CoveragePremain.java:28)
	at java.base/jdk.internal.reflect.NativeMethodAccessorImpl.invoke0(Native Method)
	at java.base/jdk.internal.reflect.NativeMethodAccessorImpl.invoke(NativeMethodAccessorImpl.java:77)
	at java.base/jdk.internal.reflect.DelegatingMethodAccessorImpl.invoke(DelegatingMethodAccessorImpl.java:43)
	at java.base/java.lang.reflect.Method.invoke(Method.java:568)
	at java.instrument/sun.instrument.InstrumentationImpl.loadClassAndStartAgent(InstrumentationImpl.java:491)
	at java.instrument/sun.instrument.InstrumentationImpl.loadClassAndCallPremain(InstrumentationImpl.java:503)
[2025.06.12 10:34:12] (Coverage ERROR): Failed to parse agent arguments
java.lang.IllegalArgumentException: At least 5 arguments expected but 1 found.
'C:\Users\±è¿øÁØ\AppData\Local\Temp\coverage7ar'
Expected arguments are:
0) data file to save coverage result
1) a flag to enable tracking per test coverage
2) a flag to calculate coverage for unloaded classes
3) a flag to use data file as initial coverage, also use it if several parallel processes are to write into one file
4) a flag to run line coverage or branch coverage otherwise

	at com.intellij.rt.coverage.instrumentation.CoverageArgs.fromString(CoverageArgs.java:60)
	at com.intellij.rt.coverage.instrumentation.Instrumentator.performPremain(Instrumentator.java:58)
	at com.intellij.rt.coverage.instrumentation.Instrumentator.premain(Instrumentator.java:44)
	at java.base/jdk.internal.reflect.NativeMethodAccessorImpl.invoke0(Native Method)
	at java.base/jdk.internal.reflect.NativeMethodAccessorImpl.invoke(NativeMethodAccessorImpl.java:77)
	at java.base/jdk.internal.reflect.DelegatingMethodAccessorImpl.invoke(DelegatingMethodAccessorImpl.java:43)
	at java.base/java.lang.reflect.Method.invoke(Method.java:568)
	at com.intellij.rt.coverage.main.CoveragePremain.premain(CoveragePremain.java:35)
	at com.intellij.rt.coverage.main.CoveragePremain.premain(CoveragePremain.java:28)
	at java.base/jdk.internal.reflect.NativeMethodAccessorImpl.invoke0(Native Method)
	at java.base/jdk.internal.reflect.NativeMethodAccessorImpl.invoke(NativeMethodAccessorImpl.java:77)
	at java.base/jdk.internal.reflect.DelegatingMethodAccessorImpl.invoke(DelegatingMethodAccessorImpl.java:43)
	at java.base/java.lang.reflect.Method.invoke(Method.java:568)
	at java.instrument/sun.instrument.InstrumentationImpl.loadClassAndStartAgent(InstrumentationImpl.java:491)
	at java.instrument/sun.instrument.InstrumentationImpl.loadClassAndCallPremain(InstrumentationImpl.java:503)
[2025.06.12 10:35:56] (Coverage ERROR): Failed to parse agent arguments
java.lang.IllegalArgumentException: At least 5 arguments expected but 1 found.
'C:\Users\±è¿øÁØ\AppData\Local\Temp\coverage453ar'
Expected arguments are:
0) data file to save coverage result
1) a flag to enable tracking per test coverage
2) a flag to calculate coverage for unloaded classes
3) a flag to use data file as initial coverage, also use it if several parallel processes are to write into one file
4) a flag to run line coverage or branch coverage otherwise

	at com.intellij.rt.coverage.instrumentation.CoverageArgs.fromString(CoverageArgs.java:60)
	at com.intellij.rt.coverage.instrumentation.Instrumentator.performPremain(Instrumentator.java:58)
	at com.intellij.rt.coverage.instrumentation.Instrumentator.premain(Instrumentator.java:44)
	at java.base/jdk.internal.reflect.NativeMethodAccessorImpl.invoke0(Native Method)
	at java.base/jdk.internal.reflect.NativeMethodAccessorImpl.invoke(NativeMethodAccessorImpl.java:77)
	at java.base/jdk.internal.reflect.DelegatingMethodAccessorImpl.invoke(DelegatingMethodAccessorImpl.java:43)
	at java.base/java.lang.reflect.Method.invoke(Method.java:568)
	at com.intellij.rt.coverage.main.CoveragePremain.premain(CoveragePremain.java:35)
	at com.intellij.rt.coverage.main.CoveragePremain.premain(CoveragePremain.java:28)
	at java.base/jdk.internal.reflect.NativeMethodAccessorImpl.invoke0(Native Method)
	at java.base/jdk.internal.reflect.NativeMethodAccessorImpl.invoke(NativeMethodAccessorImpl.java:77)
	at java.base/jdk.internal.reflect.DelegatingMethodAccessorImpl.invoke(DelegatingMethodAccessorImpl.java:43)
	at java.base/java.lang.reflect.Method.invoke(Method.java:568)
	at java.instrument/sun.instrument.InstrumentationImpl.loadClassAndStartAgent(InstrumentationImpl.java:491)
	at java.instrument/sun.instrument.InstrumentationImpl.loadClassAndCallPremain(InstrumentationImpl.java:503)
[2025.06.12 10:36:28] (Coverage ERROR): Failed to parse agent arguments
java.lang.IllegalArgumentException: At least 5 arguments expected but 1 found.
'C:\Users\±è¿øÁØ\AppData\Local\Temp\coverage11ar'
Expected arguments are:
0) data file to save coverage result
1) a flag to enable tracking per test coverage
2) a flag to calculate coverage for unloaded classes
3) a flag to use data file as initial coverage, also use it if several parallel processes are to write into one file
4) a flag to run line coverage or branch coverage otherwise

	at com.intellij.rt.coverage.instrumentation.CoverageArgs.fromString(CoverageArgs.java:60)
	at com.intellij.rt.coverage.instrumentation.Instrumentator.performPremain(Instrumentator.java:58)
	at com.intellij.rt.coverage.instrumentation.Instrumentator.premain(Instrumentator.java:44)
	at java.base/jdk.internal.reflect.NativeMethodAccessorImpl.invoke0(Native Method)
	at java.base/jdk.internal.reflect.NativeMethodAccessorImpl.invoke(NativeMethodAccessorImpl.java:77)
	at java.base/jdk.internal.reflect.DelegatingMethodAccessorImpl.invoke(DelegatingMethodAccessorImpl.java:43)
	at java.base/java.lang.reflect.Method.invoke(Method.java:568)
	at com.intellij.rt.coverage.main.CoveragePremain.premain(CoveragePremain.java:35)
	at com.intellij.rt.coverage.main.CoveragePremain.premain(CoveragePremain.java:28)
	at java.base/jdk.internal.reflect.NativeMethodAccessorImpl.invoke0(Native Method)
	at java.base/jdk.internal.reflect.NativeMethodAccessorImpl.invoke(NativeMethodAccessorImpl.java:77)
	at java.base/jdk.internal.reflect.DelegatingMethodAccessorImpl.invoke(DelegatingMethodAccessorImpl.java:43)
	at java.base/java.lang.reflect.Method.invoke(Method.java:568)
	at java.instrument/sun.instrument.InstrumentationImpl.loadClassAndStartAgent(InstrumentationImpl.java:491)
	at java.instrument/sun.instrument.InstrumentationImpl.loadClassAndCallPremain(InstrumentationImpl.java:503)
[2025.06.12 11:05:01] (Coverage ERROR): Failed to parse agent arguments
java.lang.IllegalArgumentException: At least 5 arguments expected but 1 found.
'C:\Users\±è¿øÁØ\AppData\Local\Temp\coverage6ar'
Expected arguments are:
0) data file to save coverage result
1) a flag to enable tracking per test coverage
2) a flag to calculate coverage for unloaded classes
3) a flag to use data file as initial coverage, also use it if several parallel processes are to write into one file
4) a flag to run line coverage or branch coverage otherwise

	at com.intellij.rt.coverage.instrumentation.CoverageArgs.fromString(CoverageArgs.java:60)
	at com.intellij.rt.coverage.instrumentation.Instrumentator.performPremain(Instrumentator.java:58)
	at com.intellij.rt.coverage.instrumentation.Instrumentator.premain(Instrumentator.java:44)
	at java.base/jdk.internal.reflect.NativeMethodAccessorImpl.invoke0(Native Method)
	at java.base/jdk.internal.reflect.NativeMethodAccessorImpl.invoke(NativeMethodAccessorImpl.java:77)
	at java.base/jdk.internal.reflect.DelegatingMethodAccessorImpl.invoke(DelegatingMethodAccessorImpl.java:43)
	at java.base/java.lang.reflect.Method.invoke(Method.java:568)
	at com.intellij.rt.coverage.main.CoveragePremain.premain(CoveragePremain.java:35)
	at com.intellij.rt.coverage.main.CoveragePremain.premain(CoveragePremain.java:28)
	at java.base/jdk.internal.reflect.NativeMethodAccessorImpl.invoke0(Native Method)
	at java.base/jdk.internal.reflect.NativeMethodAccessorImpl.invoke(NativeMethodAccessorImpl.java:77)
	at java.base/jdk.internal.reflect.DelegatingMethodAccessorImpl.invoke(DelegatingMethodAccessorImpl.java:43)
	at java.base/java.lang.reflect.Method.invoke(Method.java:568)
	at java.instrument/sun.instrument.InstrumentationImpl.loadClassAndStartAgent(InstrumentationImpl.java:491)
	at java.instrument/sun.instrument.InstrumentationImpl.loadClassAndCallPremain(InstrumentationImpl.java:503)
[2025.06.12 11:09:05] (Coverage ERROR): Failed to parse agent arguments
java.lang.IllegalArgumentException: At least 5 arguments expected but 1 found.
'C:\Users\±è¿øÁØ\AppData\Local\Temp\coverage5ar'
Expected arguments are:
0) data file to save coverage result
1) a flag to enable tracking per test coverage
2) a flag to calculate coverage for unloaded classes
3) a flag to use data file as initial coverage, also use it if several parallel processes are to write into one file
4) a flag to run line coverage or branch coverage otherwise

	at com.intellij.rt.coverage.instrumentation.CoverageArgs.fromString(CoverageArgs.java:60)
	at com.intellij.rt.coverage.instrumentation.Instrumentator.performPremain(Instrumentator.java:58)
	at com.intellij.rt.coverage.instrumentation.Instrumentator.premain(Instrumentator.java:44)
	at java.base/jdk.internal.reflect.NativeMethodAccessorImpl.invoke0(Native Method)
	at java.base/jdk.internal.reflect.NativeMethodAccessorImpl.invoke(NativeMethodAccessorImpl.java:77)
	at java.base/jdk.internal.reflect.DelegatingMethodAccessorImpl.invoke(DelegatingMethodAccessorImpl.java:43)
	at java.base/java.lang.reflect.Method.invoke(Method.java:568)
	at com.intellij.rt.coverage.main.CoveragePremain.premain(CoveragePremain.java:35)
	at com.intellij.rt.coverage.main.CoveragePremain.premain(CoveragePremain.java:28)
	at java.base/jdk.internal.reflect.NativeMethodAccessorImpl.invoke0(Native Method)
	at java.base/jdk.internal.reflect.NativeMethodAccessorImpl.invoke(NativeMethodAccessorImpl.java:77)
	at java.base/jdk.internal.reflect.DelegatingMethodAccessorImpl.invoke(DelegatingMethodAccessorImpl.java:43)
	at java.base/java.lang.reflect.Method.invoke(Method.java:568)
	at java.instrument/sun.instrument.InstrumentationImpl.loadClassAndStartAgent(InstrumentationImpl.java:491)
	at java.instrument/sun.instrument.InstrumentationImpl.loadClassAndCallPremain(InstrumentationImpl.java:503)
[2025.06.12 11:43:22] (Coverage ERROR): Failed to parse agent arguments
java.lang.IllegalArgumentException: At least 5 arguments expected but 1 found.
'C:\Users\±è¿øÁØ\AppData\Local\Temp\coverage1007ar'
Expected arguments are:
0) data file to save coverage result
1) a flag to enable tracking per test coverage
2) a flag to calculate coverage for unloaded classes
3) a flag to use data file as initial coverage, also use it if several parallel processes are to write into one file
4) a flag to run line coverage or branch coverage otherwise

	at com.intellij.rt.coverage.instrumentation.CoverageArgs.fromString(CoverageArgs.java:60)
	at com.intellij.rt.coverage.instrumentation.Instrumentator.performPremain(Instrumentator.java:58)
	at com.intellij.rt.coverage.instrumentation.Instrumentator.premain(Instrumentator.java:44)
	at java.base/jdk.internal.reflect.NativeMethodAccessorImpl.invoke0(Native Method)
	at java.base/jdk.internal.reflect.NativeMethodAccessorImpl.invoke(NativeMethodAccessorImpl.java:77)
	at java.base/jdk.internal.reflect.DelegatingMethodAccessorImpl.invoke(DelegatingMethodAccessorImpl.java:43)
	at java.base/java.lang.reflect.Method.invoke(Method.java:568)
	at com.intellij.rt.coverage.main.CoveragePremain.premain(CoveragePremain.java:35)
	at com.intellij.rt.coverage.main.CoveragePremain.premain(CoveragePremain.java:28)
	at java.base/jdk.internal.reflect.NativeMethodAccessorImpl.invoke0(Native Method)
	at java.base/jdk.internal.reflect.NativeMethodAccessorImpl.invoke(NativeMethodAccessorImpl.java:77)
	at java.base/jdk.internal.reflect.DelegatingMethodAccessorImpl.invoke(DelegatingMethodAccessorImpl.java:43)
	at java.base/java.lang.reflect.Method.invoke(Method.java:568)
	at java.instrument/sun.instrument.InstrumentationImpl.loadClassAndStartAgent(InstrumentationImpl.java:491)
	at java.instrument/sun.instrument.InstrumentationImpl.loadClassAndCallPremain(InstrumentationImpl.java:503)
